<?xml version="1.0" encoding="UTF-8"?>
<!-- Generated by org.testng.reporters.JUnitReportReporter -->
<testsuite hostname="LGDN12974-w764" name="TestCases.BannerClients.TC_JOOMLA_BANNERS_CLIENTS_002" tests="1" failures="0" timestamp="29 Jun 2015 11:31:32 GMT" time="12.099" errors="0">
  <testcase name="verify_create_client" time="12.099" classname="TestCases.BannerClients.TC_JOOMLA_BANNERS_CLIENTS_002"/>
</testsuite> <!-- TestCases.BannerClients.TC_JOOMLA_BANNERS_CLIENTS_002 -->
