<?xml version="1.0" encoding="UTF-8"?>
<!-- Generated by org.testng.reporters.JUnitReportReporter -->
<testsuite hostname="LGDN12974-w764" name="TestCases.BannerClients.TC_JOOMLA_BANNERS_CLIENTS_001" tests="1" failures="0" timestamp="29 Jun 2015 13:26:20 GMT" time="10.482" errors="0">
  <testcase name="verify_create_new_client" time="10.482" classname="TestCases.BannerClients.TC_JOOMLA_BANNERS_CLIENTS_001"/>
</testsuite> <!-- TestCases.BannerClients.TC_JOOMLA_BANNERS_CLIENTS_001 -->
