<?xml version="1.0" encoding="UTF-8"?>
<!-- Generated by org.testng.reporters.JUnitReportReporter -->
<testsuite hostname="LGDN12974-w764" name="TestCases.BannerClients.TC_JOOMLA_BANNERS_CLIENTS_003" tests="1" failures="0" timestamp="29 Jun 2015 14:10:47 GMT" time="13.291" errors="0">
  <testcase name="verify_create_client" time="13.291" classname="TestCases.BannerClients.TC_JOOMLA_BANNERS_CLIENTS_003"/>
</testsuite> <!-- TestCases.BannerClients.TC_JOOMLA_BANNERS_CLIENTS_003 -->
